{
    "0": {
        "id": 0,
        "timestamp": 1544627442.380345,
        "status": 1,
        "content": {
            "org": "Ourinhos",
            "dst": "Curitiba",
            "qts": 2,
            "qtd": 2,
            "ida": "11/12/2018",
            "volta": "22/12/2018"
        }
    },
    "1": {
        "id": 1,
        "timestamp": 1544627530.136666,
        "status": 2,
        "content": {
            "org": "Curitiba",
            "dst": "Ourinhos",
            "qts": 1,
            "qtd": 1,
            "ida": "22/12/2018",
            "volta": "23/12/2018"
        }
    },
    "2": {
        "id": 2,
        "timestamp": 1544627734.078982,
        "status": 1,
        "content": {
            "org": "Curitiba",
            "dst": "Ourinhos",
            "qts": 1,
            "qtd": 1,
            "ida": "22/12/2018",
            "volta": "23/12/2018"
        }
    },
    "2": {
        "id": 2,
        "timestamp": 1544627734.078982,
        "status": 2,
        "content": {
            "org": "Curitiba",
            "dst": "Ourinhos",
            "qts": 1,
            "qtd": 1,
            "ida": "22/12/2018",
            "volta": "23/12/2018"
        }
    }
}